---- 正在解析主机地址...
---- 1 个地址没有找到: 127.0.0.1
---- dns cache hit
---- 正在连接到 127.0.0.1 (127.0.0.1) 端口 21
<--- 220 ProFTPD 1.3.2e Server (Debian) [::ffff:127.0.0.1]
---> FEAT
<--- 211-Features:
<---  MDTM
<---  MFMT
<---  UTF8
<---  LANG zh-CN.utf8*
<---  MFF modify;UNIX.group;UNIX.mode;
<---  MLST modify*;perm*;size*;type*;unique*;UNIX.group*;UNIX.mode*;UNIX.owner*;
<---  REST STREAM
<---  SIZE
<--- 211 结束
---> LANG
<--- 200 使用默认语言zh_CN.utf8
---> OPTS UTF8 ON
<--- 200 UTF8设置打开
---> OPTS MLST modify;perm;size;type;UNIX.group;UNIX.mode;UNIX.owner;
<--- 200 OPTS MLST modify;perm;size;type;UNIX.group;UNIX.mode;UNIX.owner;
---> USER ftp-user-lds
<--- 331 需要为ftp-user-lds提供密码
---> PASS 123
<--- 230 用户ftp-user-lds登录
---> PWD
<--- 257 当前目录是"/home/lds/proftpd"
---> CWD /home/lds/proftpd/wwwroot
<--- 250 CWD命令成功执行
---> MKD src
<--- 550 src: 文件已存在
---> MKD src/sandin
<--- 550 src/sandin: 文件已存在
---> MKD src/sandin/tk
<--- 550 src/sandin/tk: 文件已存在
---> MKD src/sandin/tk/ftpsync
<--- 550 src/sandin/tk/ftpsync: 文件已存在
---> MKD src/sandin/tk/ftpsync/test
<--- 550 src/sandin/tk/ftpsync/test: 文件已存在
copy: get hit eof
copy: waiting for put confirmation
---> TYPE I
<--- 200 类型设置为I
---> PASV
<--- 227 Entering Passive Mode (127,0,0,1,162,142).
---- 正在建立数据连接到 (127.0.0.1) 端口 41614
---- 数据连接已建立
---> ALLO 70
<--- 202 不必预先进行存储分配
---> STOR src/sandin/tk/ftpsync/test/FtpSyncTest.java
<--- 150 打开BINARY模式的数据连接为src/sandin/tk/ftpsync/test/FtpSyncTest.java
---- 关闭数据连接套接字
<--- 226 传送完毕
---> MFMT 20110313121209 src/sandin/tk/ftpsync/test/FtpSyncTest.java
<--- 213 Modify=20110313121209; src/sandin/tk/ftpsync/test/FtpSyncTest.java
copy: put confirmed store
copy: get is finished - all done
---> QUIT
---- 关闭控制连接
